<?xml version="1.0" encoding="UTF-8"?>
<testng-results total="2" passed="2" failed="0" skipped="0">
  <reporter-output>
  </reporter-output>
  <suite started-at="2022-11-29T15:17:02Z" name="Suite" finished-at="2022-11-29T15:17:38Z" duration-ms="36079">
    <groups>
    </groups>
    <test started-at="2022-11-29T15:17:02Z" name="Test" finished-at="2022-11-29T15:17:38Z" duration-ms="36079">
      <class name="test.test12">
        <test-method is-config="true" signature="setup()[pri:0, instance:test.test12@9573584]" started-at="2022-11-29T20:47:02Z" name="setup" finished-at="2022-11-29T20:47:03Z" duration-ms="1146" status="PASS">
          <reporter-output>
          </reporter-output>
        </test-method> <!-- setup -->
        <test-method signature="FaceBookTitle()[pri:0, instance:test.test12@9573584]" started-at="2022-11-29T20:47:03Z" name="FaceBookTitle" finished-at="2022-11-29T20:47:04Z" duration-ms="932" status="PASS">
          <reporter-output>
          </reporter-output>
        </test-method> <!-- FaceBookTitle -->
        <test-method is-config="true" signature="teardown()[pri:0, instance:test.test12@9573584]" started-at="2022-11-29T20:47:04Z" name="teardown" finished-at="2022-11-29T20:47:20Z" duration-ms="16228" status="PASS">
          <reporter-output>
          </reporter-output>
        </test-method> <!-- teardown -->
        <test-method is-config="true" signature="setup()[pri:0, instance:test.test12@9573584]" started-at="2022-11-29T20:47:20Z" name="setup" finished-at="2022-11-29T20:47:21Z" duration-ms="607" status="PASS">
          <reporter-output>
          </reporter-output>
        </test-method> <!-- setup -->
        <test-method signature="VerifyUrl()[pri:0, instance:test.test12@9573584]" started-at="2022-11-29T20:47:21Z" name="VerifyUrl" finished-at="2022-11-29T20:47:22Z" duration-ms="968" status="PASS">
          <reporter-output>
          </reporter-output>
        </test-method> <!-- VerifyUrl -->
        <test-method is-config="true" signature="teardown()[pri:0, instance:test.test12@9573584]" started-at="2022-11-29T20:47:22Z" name="teardown" finished-at="2022-11-29T20:47:38Z" duration-ms="16186" status="PASS">
          <reporter-output>
          </reporter-output>
        </test-method> <!-- teardown -->
      </class> <!-- test.test12 -->
    </test> <!-- Test -->
  </suite> <!-- Suite -->
</testng-results>
